1661895476160	geckodriver	INFO	Listening on 127.0.0.1:51662
1661895476676	mozrunner::runner	INFO	Running command: "/Applications/Firefox.app/Contents/MacOS/firefox-bin" "--marionette" "-headless" "--remote-debugging-port" "51663" "--remote-allow-hosts" "localhost" "-foreground" "-no-remote" "-profile" "/var/folders/_s/gzmd34d57r9cy8jn9h98ddv80000gn/T/rust_mozprofileSH3Ija"
*** You are running in headless mode.
1661895477229	Marionette	INFO	Marionette enabled
1661895477267	Marionette	INFO	Listening on port 51670
WebDriver BiDi listening on ws://localhost:51663
Read port: 51670
2022-08-30 17:37:57.355 plugin-container[88823:4956541] nil host used in call to allowsSpecificHTTPSCertificateForHost
2022-08-30 17:37:57.355 plugin-container[88823:4956541] nil host used in call to allowsAnyHTTPSCertificateForHost:
1661895477434	RemoteAgent	WARN	TLS certificate errors will be ignored for this session
2022-08-30 17:37:57.631 plugin-container[88823:4956541] nil host used in call to allowsSpecificHTTPSCertificateForHost
2022-08-30 17:37:57.631 plugin-container[88823:4956541] nil host used in call to allowsAnyHTTPSCertificateForHost:
2022-08-30 17:37:57.631 plugin-container[88823:4956539] nil host used in call to allowsSpecificHTTPSCertificateForHost
2022-08-30 17:37:57.631 plugin-container[88823:4956539] nil host used in call to allowsAnyHTTPSCertificateForHost:
[GFX1-]: RenderCompositorSWGL failed mapping default framebuffer, no dt
console.warn: SearchSettings: "get: No settings file exists, new profile?" (new NotFoundError("Could not open the file at /var/folders/_s/gzmd34d57r9cy8jn9h98ddv80000gn/T/rust_mozprofileSH3Ija/search.json.mozlz4", (void 0)))
DevTools listening on ws://localhost:51663/devtools/browser/a00aecba-f0ef-4e2f-8bd3-d103ca60d58b
1662064267550	geckodriver	INFO	Listening on 127.0.0.1:61055
1662064268052	mozrunner::runner	INFO	Running command: "/Applications/Firefox.app/Contents/MacOS/firefox-bin" "--marionette" "-headless" "--remote-debugging-port" "61056" "--remote-allow-hosts" "localhost" "-foreground" "-no-remote" "-profile" "/var/folders/_s/gzmd34d57r9cy8jn9h98ddv80000gn/T/rust_mozprofileyiLaDI"
*** You are running in headless mode.
1662064268642	Marionette	INFO	Marionette enabled
1662064268683	Marionette	INFO	Listening on port 61068
WebDriver BiDi listening on ws://localhost:61056
2022-09-01 16:31:08.702 plugin-container[52231:6536668] nil host used in call to allowsSpecificHTTPSCertificateForHost
2022-09-01 16:31:08.703 plugin-container[52231:6536668] nil host used in call to allowsAnyHTTPSCertificateForHost:
2022-09-01 16:31:08.733 plugin-container[52231:6536668] nil host used in call to allowsSpecificHTTPSCertificateForHost
2022-09-01 16:31:08.733 plugin-container[52231:6536668] nil host used in call to allowsAnyHTTPSCertificateForHost:
2022-09-01 16:31:08.733 plugin-container[52231:6536691] nil host used in call to allowsSpecificHTTPSCertificateForHost
2022-09-01 16:31:08.733 plugin-container[52231:6536691] nil host used in call to allowsAnyHTTPSCertificateForHost:
Read port: 61068
1662064268884	RemoteAgent	WARN	TLS certificate errors will be ignored for this session
[GFX1-]: RenderCompositorSWGL failed mapping default framebuffer, no dt
console.warn: SearchSettings: "get: No settings file exists, new profile?" (new NotFoundError("Could not open the file at /var/folders/_s/gzmd34d57r9cy8jn9h98ddv80000gn/T/rust_mozprofileyiLaDI/search.json.mozlz4", (void 0)))
DevTools listening on ws://localhost:61056/devtools/browser/14c8d6b8-e962-4cbb-8d47-a5f99e815355
